<?xml version="1.0" encoding="UTF-8"?>
<!-- Generated by org.testng.reporters.JUnitReportReporter -->
<testsuite hostname="LTIN272303" failures="0" tests="5" name="testCases.TC_02_Giftsection" time="10.544" errors="0" timestamp="2024-03-12T21:35:36 IST" skipped="0">
  <testcase classname="testCases.TC_02_Giftsection" name="moreClick" time="5.153"/>
  <testcase classname="testCases.TC_02_Giftsection" name="giftSelect" time="2.662"/>
  <testcase classname="testCases.TC_02_Giftsection" name="deatils" time="1.924"/>
  <testcase classname="testCases.TC_02_Giftsection" name="Buynow" time="0.666"/>
  <testcase classname="testCases.TC_02_Giftsection" name="msg" time="0.139"/>
</testsuite> <!-- testCases.TC_02_Giftsection -->
