<?xml version="1.0" encoding="UTF-8"?>
<!-- Generated by org.testng.reporters.JUnitReportReporter -->
<testsuite hostname="LTIN272303" failures="0" tests="4" name="testCases.Hotelbookingsection" time="12.025" errors="0" timestamp="2024-02-27T21:50:55 IST" skipped="0">
  <testcase classname="testCases.Hotelbookingsection" name="hotel1" time="10.388"/>
  <testcase classname="testCases.Hotelbookingsection" name="roomadultClick1" time="0.757"/>
  <testcase classname="testCases.Hotelbookingsection" name="adult1" time="0.159"/>
  <testcase classname="testCases.Hotelbookingsection" name="adultlist1" time="0.721"/>
</testsuite> <!-- testCases.Hotelbookingsection -->
