<?xml version="1.0" encoding="UTF-8"?>
<!-- Generated by org.testng.reporters.JUnitReportReporter -->
<testsuite hostname="LTIN272303" failures="0" tests="10" name="testCases.TC_01_CabSelectsection" time="93.664" errors="0" timestamp="2024-03-12T21:35:36 IST" skipped="0">
  <testcase classname="testCases.TC_01_CabSelectsection" name="popupClick" time="65.784"/>
  <testcase classname="testCases.TC_01_CabSelectsection" name="carSelect1" time="4.000"/>
  <testcase classname="testCases.TC_01_CabSelectsection" name="fromCity1" time="3.068"/>
  <testcase classname="testCases.TC_01_CabSelectsection" name="tocity1" time="5.676"/>
  <testcase classname="testCases.TC_01_CabSelectsection" name="dateClick" time="0.284"/>
  <testcase classname="testCases.TC_01_CabSelectsection" name="apply1" time="0.359"/>
  <testcase classname="testCases.TC_01_CabSelectsection" name="search1" time="4.437"/>
  <testcase classname="testCases.TC_01_CabSelectsection" name="suvSelect1" time="7.036"/>
  <testcase classname="testCases.TC_01_CabSelectsection" name="carDetails" time="0.096"/>
  <testcase classname="testCases.TC_01_CabSelectsection" name="carP1" time="2.924"/>
</testsuite> <!-- testCases.TC_01_CabSelectsection -->
