<?xml version="1.0" encoding="UTF-8"?>
<!-- Generated by org.testng.reporters.JUnitReportReporter -->
<testsuite hostname="LTIN272303" failures="0" tests="5" name="testCases.Giftsection" time="4.578" errors="0" timestamp="2024-02-27T21:50:55 IST" skipped="0">
  <testcase classname="testCases.Giftsection" name="moreClick" time="2.479"/>
  <testcase classname="testCases.Giftsection" name="giftSelect" time="0.347"/>
  <testcase classname="testCases.Giftsection" name="deatils" time="1.434"/>
  <testcase classname="testCases.Giftsection" name="Buynow" time="0.250"/>
  <testcase classname="testCases.Giftsection" name="msg" time="0.068"/>
</testsuite> <!-- testCases.Giftsection -->
