<?xml version="1.0" encoding="UTF-8"?>
<!-- Generated by org.testng.reporters.JUnitReportReporter -->
<testsuite hostname="LTIN272303" failures="0" tests="18" name="testCases.Makemy_trip" time="37.591" errors="0" timestamp="2024-02-27T22:13:01 IST" skipped="0">
  <testcase classname="testCases.Makemy_trip" name="carSelect1" time="3.480"/>
  <testcase classname="testCases.Makemy_trip" name="fromCity1" time="2.757"/>
  <testcase classname="testCases.Makemy_trip" name="tocity1" time="5.322"/>
  <testcase classname="testCases.Makemy_trip" name="dateClick" time="0.162"/>
  <testcase classname="testCases.Makemy_trip" name="apply1" time="0.291"/>
  <testcase classname="testCases.Makemy_trip" name="search1" time="2.321"/>
  <testcase classname="testCases.Makemy_trip" name="suvSelect1" time="2.195"/>
  <testcase classname="testCases.Makemy_trip" name="carDetails" time="0.069"/>
  <testcase classname="testCases.Makemy_trip" name="carP1" time="1.586"/>
  <testcase classname="testCases.Makemy_trip" name="moreClick" time="2.276"/>
  <testcase classname="testCases.Makemy_trip" name="giftSelect" time="2.510"/>
  <testcase classname="testCases.Makemy_trip" name="deatils" time="1.708"/>
  <testcase classname="testCases.Makemy_trip" name="Buynow" time="0.276"/>
  <testcase classname="testCases.Makemy_trip" name="msg" time="0.069"/>
  <testcase classname="testCases.Makemy_trip" name="hotel1" time="10.394"/>
  <testcase classname="testCases.Makemy_trip" name="roomadultClick1" time="0.845"/>
  <testcase classname="testCases.Makemy_trip" name="adult1" time="0.566"/>
  <testcase classname="testCases.Makemy_trip" name="adultlist1" time="0.764"/>
</testsuite> <!-- testCases.Makemy_trip -->
