<?xml version="1.0" encoding="UTF-8"?>
<!-- Generated by org.testng.reporters.JUnitReportReporter -->
<testsuite hostname="LTIN272303" failures="0" tests="4" name="testCases.TC_03_Hotelbookingsection" time="14.976" errors="0" timestamp="2024-03-12T21:35:36 IST" skipped="0">
  <testcase classname="testCases.TC_03_Hotelbookingsection" name="hotel1" time="10.678"/>
  <testcase classname="testCases.TC_03_Hotelbookingsection" name="roomadultClick1" time="1.625"/>
  <testcase classname="testCases.TC_03_Hotelbookingsection" name="adult1" time="0.568"/>
  <testcase classname="testCases.TC_03_Hotelbookingsection" name="adultlist1" time="2.105"/>
</testsuite> <!-- testCases.TC_03_Hotelbookingsection -->
