<?xml version="1.0" encoding="UTF-8"?>
<!-- Generated by org.testng.reporters.JUnitReportReporter -->
<testsuite hostname="LTIN272303" failures="0" tests="9" name="testCases.CabSelect" time="18.581" errors="0" timestamp="2024-02-27T21:50:55 IST" skipped="0">
  <testcase classname="testCases.CabSelect" name="carSelect1" time="3.544"/>
  <testcase classname="testCases.CabSelect" name="fromCity1" time="2.583"/>
  <testcase classname="testCases.CabSelect" name="tocity1" time="5.427"/>
  <testcase classname="testCases.CabSelect" name="dateClick" time="0.162"/>
  <testcase classname="testCases.CabSelect" name="apply1" time="0.213"/>
  <testcase classname="testCases.CabSelect" name="search1" time="2.278"/>
  <testcase classname="testCases.CabSelect" name="suvSelect1" time="2.008"/>
  <testcase classname="testCases.CabSelect" name="carDetails" time="0.061"/>
  <testcase classname="testCases.CabSelect" name="carP1" time="2.305"/>
</testsuite> <!-- testCases.CabSelect -->
